<?xml version="1.0" encoding="UTF-8"?>
<testng-results skipped="0" failed="2" ignored="0" total="46" passed="44">
  <reporter-output>
  </reporter-output>
  <suite name="Eagleconferenciong.in Application Test Automation Test Suite" duration-ms="1291955" started-at="2019-09-12T10:47:45Z" finished-at="2019-09-12T11:09:17Z">
    <groups>
    </groups>
    <test name="Eagleconferencing Test Cases" duration-ms="1291955" started-at="2019-09-12T10:47:45Z" finished-at="2019-09-12T11:09:17Z">
      <class name="com.eagle.qa.testcases.RecorderTestcase">
        <test-method status="PASS" signature="setup()[pri:0, instance:com.eagle.qa.testcases.RecorderTestcase@1ce92674]" name="setup" is-config="true" duration-ms="6014" started-at="2019-09-12T16:32:42Z" finished-at="2019-09-12T16:32:48Z">
          <reporter-output>
          </reporter-output>
        </test-method> <!-- setup -->
        <test-method status="PASS" signature="Recorder()[pri:0, instance:com.eagle.qa.testcases.RecorderTestcase@1ce92674]" name="Recorder" duration-ms="16052" started-at="2019-09-12T16:32:48Z" finished-at="2019-09-12T16:33:04Z">
          <reporter-output>
          </reporter-output>
        </test-method> <!-- Recorder -->
        <test-method status="PASS" signature="teardown()[pri:0, instance:com.eagle.qa.testcases.RecorderTestcase@1ce92674]" name="teardown" is-config="true" duration-ms="617" started-at="2019-09-12T16:33:04Z" finished-at="2019-09-12T16:33:05Z">
          <reporter-output>
          </reporter-output>
        </test-method> <!-- teardown -->
      </class> <!-- com.eagle.qa.testcases.RecorderTestcase -->
      <class name="com.eagle.qa.testcases.Aoudio_conference">
        <test-method status="PASS" signature="setup()[pri:0, instance:com.eagle.qa.testcases.Aoudio_conference@7085bdee]" name="setup" is-config="true" duration-ms="6241" started-at="2019-09-12T16:32:09Z" finished-at="2019-09-12T16:32:16Z">
          <reporter-output>
          </reporter-output>
        </test-method> <!-- setup -->
        <test-method status="PASS" signature="onfer_Invitation(java.lang.String, java.lang.String, java.lang.String)[pri:0, instance:com.eagle.qa.testcases.Aoudio_conference@7085bdee]" name="onfer_Invitation" duration-ms="26751" started-at="2019-09-12T16:32:16Z" data-provider="getdata" finished-at="2019-09-12T16:32:42Z">
          <params>
            <param index="0">
              <value>
                <![CDATA[dev@eagleconferencing.in]]>
              </value>
            </param>
            <param index="1">
              <value>
                <![CDATA[Test]]>
              </value>
            </param>
            <param index="2">
              <value>
                <![CDATA[Test]]>
              </value>
            </param>
          </params>
          <reporter-output>
          </reporter-output>
        </test-method> <!-- onfer_Invitation -->
        <test-method status="PASS" signature="reardown()[pri:0, instance:com.eagle.qa.testcases.Aoudio_conference@7085bdee]" name="reardown" is-config="true" duration-ms="0" started-at="2019-09-12T16:32:42Z" finished-at="2019-09-12T16:32:42Z">
          <reporter-output>
          </reporter-output>
        </test-method> <!-- reardown -->
      </class> <!-- com.eagle.qa.testcases.Aoudio_conference -->
      <class name="com.eagle.qa.testcases.Registration_page">
        <test-method status="PASS" signature="setup()[pri:0, instance:com.eagle.qa.testcases.Registration_page@5bcab519]" name="setup" is-config="true" duration-ms="4700" started-at="2019-09-12T16:37:05Z" finished-at="2019-09-12T16:37:10Z">
          <reporter-output>
          </reporter-output>
        </test-method> <!-- setup -->
        <test-method status="PASS" signature="Registratin()[pri:0, instance:com.eagle.qa.testcases.Registration_page@5bcab519]" name="Registratin" duration-ms="983" started-at="2019-09-12T16:37:10Z" finished-at="2019-09-12T16:37:11Z">
          <reporter-output>
          </reporter-output>
        </test-method> <!-- Registratin -->
        <test-method status="PASS" signature="TearDown()[pri:0, instance:com.eagle.qa.testcases.Registration_page@5bcab519]" name="TearDown" is-config="true" duration-ms="617" started-at="2019-09-12T16:37:11Z" finished-at="2019-09-12T16:37:11Z">
          <reporter-output>
          </reporter-output>
        </test-method> <!-- TearDown -->
      </class> <!-- com.eagle.qa.testcases.Registration_page -->
      <class name="com.eagle.qa.testcases.Log_and_report">
        <test-method status="PASS" signature="setup()[pri:0, instance:com.eagle.qa.testcases.Log_and_report@5700d6b1]" name="setup" is-config="true" duration-ms="5949" started-at="2019-09-12T16:33:05Z" finished-at="2019-09-12T16:33:11Z">
          <reporter-output>
          </reporter-output>
        </test-method> <!-- setup -->
        <test-method status="PASS" signature="Log_and_Report()[pri:0, instance:com.eagle.qa.testcases.Log_and_report@5700d6b1]" name="Log_and_Report" duration-ms="68385" started-at="2019-09-12T16:33:11Z" finished-at="2019-09-12T16:34:19Z">
          <reporter-output>
          </reporter-output>
        </test-method> <!-- Log_and_Report -->
        <test-method status="PASS" signature="teardown()[pri:0, instance:com.eagle.qa.testcases.Log_and_report@5700d6b1]" name="teardown" is-config="true" duration-ms="616" started-at="2019-09-12T16:34:19Z" finished-at="2019-09-12T16:34:20Z">
          <reporter-output>
          </reporter-output>
        </test-method> <!-- teardown -->
        <test-method status="PASS" signature="setup()[pri:0, instance:com.eagle.qa.testcases.Log_and_report@5700d6b1]" name="setup" is-config="true" duration-ms="5683" started-at="2019-09-12T16:34:20Z" finished-at="2019-09-12T16:34:26Z">
          <reporter-output>
          </reporter-output>
        </test-method> <!-- setup -->
        <test-method status="PASS" signature="last30day_Report()[pri:0, instance:com.eagle.qa.testcases.Log_and_report@5700d6b1]" name="last30day_Report" duration-ms="11911" started-at="2019-09-12T16:34:26Z" finished-at="2019-09-12T16:34:38Z">
          <reporter-output>
          </reporter-output>
        </test-method> <!-- last30day_Report -->
        <test-method status="PASS" signature="teardown()[pri:0, instance:com.eagle.qa.testcases.Log_and_report@5700d6b1]" name="teardown" is-config="true" duration-ms="613" started-at="2019-09-12T16:34:38Z" finished-at="2019-09-12T16:34:38Z">
          <reporter-output>
          </reporter-output>
        </test-method> <!-- teardown -->
        <test-method status="PASS" signature="setup()[pri:0, instance:com.eagle.qa.testcases.Log_and_report@5700d6b1]" name="setup" is-config="true" duration-ms="6024" started-at="2019-09-12T16:34:38Z" finished-at="2019-09-12T16:34:44Z">
          <reporter-output>
          </reporter-output>
        </test-method> <!-- setup -->
        <test-method status="PASS" signature="last7day_Report()[pri:0, instance:com.eagle.qa.testcases.Log_and_report@5700d6b1]" name="last7day_Report" duration-ms="10808" started-at="2019-09-12T16:34:44Z" finished-at="2019-09-12T16:34:55Z">
          <reporter-output>
          </reporter-output>
        </test-method> <!-- last7day_Report -->
        <test-method status="PASS" signature="teardown()[pri:0, instance:com.eagle.qa.testcases.Log_and_report@5700d6b1]" name="teardown" is-config="true" duration-ms="616" started-at="2019-09-12T16:34:55Z" finished-at="2019-09-12T16:34:56Z">
          <reporter-output>
          </reporter-output>
        </test-method> <!-- teardown -->
        <test-method status="PASS" signature="setup()[pri:0, instance:com.eagle.qa.testcases.Log_and_report@5700d6b1]" name="setup" is-config="true" duration-ms="5989" started-at="2019-09-12T16:34:56Z" finished-at="2019-09-12T16:35:02Z">
          <reporter-output>
          </reporter-output>
        </test-method> <!-- setup -->
        <test-method status="PASS" signature="lastmonth_Report()[pri:0, instance:com.eagle.qa.testcases.Log_and_report@5700d6b1]" name="lastmonth_Report" duration-ms="10832" started-at="2019-09-12T16:35:02Z" finished-at="2019-09-12T16:35:12Z">
          <reporter-output>
          </reporter-output>
        </test-method> <!-- lastmonth_Report -->
        <test-method status="PASS" signature="teardown()[pri:0, instance:com.eagle.qa.testcases.Log_and_report@5700d6b1]" name="teardown" is-config="true" duration-ms="618" started-at="2019-09-12T16:35:12Z" finished-at="2019-09-12T16:35:13Z">
          <reporter-output>
          </reporter-output>
        </test-method> <!-- teardown -->
        <test-method status="PASS" signature="setup()[pri:0, instance:com.eagle.qa.testcases.Log_and_report@5700d6b1]" name="setup" is-config="true" duration-ms="5965" started-at="2019-09-12T16:35:13Z" finished-at="2019-09-12T16:35:19Z">
          <reporter-output>
          </reporter-output>
        </test-method> <!-- setup -->
        <test-method status="PASS" signature="thismonth_Report()[pri:0, instance:com.eagle.qa.testcases.Log_and_report@5700d6b1]" name="thismonth_Report" duration-ms="10794" started-at="2019-09-12T16:35:19Z" finished-at="2019-09-12T16:35:30Z">
          <reporter-output>
          </reporter-output>
        </test-method> <!-- thismonth_Report -->
        <test-method status="PASS" signature="teardown()[pri:0, instance:com.eagle.qa.testcases.Log_and_report@5700d6b1]" name="teardown" is-config="true" duration-ms="616" started-at="2019-09-12T16:35:30Z" finished-at="2019-09-12T16:35:30Z">
          <reporter-output>
          </reporter-output>
        </test-method> <!-- teardown -->
        <test-method status="PASS" signature="setup()[pri:0, instance:com.eagle.qa.testcases.Log_and_report@5700d6b1]" name="setup" is-config="true" duration-ms="5656" started-at="2019-09-12T16:35:30Z" finished-at="2019-09-12T16:35:36Z">
          <reporter-output>
          </reporter-output>
        </test-method> <!-- setup -->
        <test-method status="PASS" signature="today_Report()[pri:0, instance:com.eagle.qa.testcases.Log_and_report@5700d6b1]" name="today_Report" duration-ms="10650" started-at="2019-09-12T16:35:36Z" finished-at="2019-09-12T16:35:47Z">
          <reporter-output>
          </reporter-output>
        </test-method> <!-- today_Report -->
        <test-method status="PASS" signature="teardown()[pri:0, instance:com.eagle.qa.testcases.Log_and_report@5700d6b1]" name="teardown" is-config="true" duration-ms="616" started-at="2019-09-12T16:35:47Z" finished-at="2019-09-12T16:35:47Z">
          <reporter-output>
          </reporter-output>
        </test-method> <!-- teardown -->
        <test-method status="PASS" signature="setup()[pri:0, instance:com.eagle.qa.testcases.Log_and_report@5700d6b1]" name="setup" is-config="true" duration-ms="5383" started-at="2019-09-12T16:35:47Z" finished-at="2019-09-12T16:35:53Z">
          <reporter-output>
          </reporter-output>
        </test-method> <!-- setup -->
        <test-method status="PASS" signature="yestrday_report()[pri:0, instance:com.eagle.qa.testcases.Log_and_report@5700d6b1]" name="yestrday_report" duration-ms="10785" started-at="2019-09-12T16:35:53Z" finished-at="2019-09-12T16:36:03Z">
          <reporter-output>
          </reporter-output>
        </test-method> <!-- yestrday_report -->
        <test-method status="PASS" signature="teardown()[pri:0, instance:com.eagle.qa.testcases.Log_and_report@5700d6b1]" name="teardown" is-config="true" duration-ms="623" started-at="2019-09-12T16:36:03Z" finished-at="2019-09-12T16:36:04Z">
          <reporter-output>
          </reporter-output>
        </test-method> <!-- teardown -->
      </class> <!-- com.eagle.qa.testcases.Log_and_report -->
      <class name="com.eagle.qa.testcases.Create_Group">
        <test-method status="PASS" signature="setup()[pri:0, instance:com.eagle.qa.testcases.Create_Group@271053e1]" name="setup" is-config="true" duration-ms="6323" started-at="2019-09-12T16:18:57Z" finished-at="2019-09-12T16:19:04Z">
          <reporter-output>
          </reporter-output>
        </test-method> <!-- setup -->
        <test-method status="PASS" signature="CreateGroups(java.lang.String)[pri:0, instance:com.eagle.qa.testcases.Create_Group@271053e1]" name="CreateGroups" duration-ms="30870" started-at="2019-09-12T16:19:04Z" data-provider="getdata" finished-at="2019-09-12T16:19:35Z">
          <params>
            <param index="0">
              <value>
                <![CDATA[groupName1]]>
              </value>
            </param>
          </params>
          <reporter-output>
          </reporter-output>
        </test-method> <!-- CreateGroups -->
        <test-method status="PASS" signature="tear()[pri:0, instance:com.eagle.qa.testcases.Create_Group@271053e1]" name="tear" is-config="true" duration-ms="636" started-at="2019-09-12T16:19:35Z" finished-at="2019-09-12T16:19:35Z">
          <reporter-output>
          </reporter-output>
        </test-method> <!-- tear -->
        <test-method status="PASS" signature="setup()[pri:0, instance:com.eagle.qa.testcases.Create_Group@271053e1]" name="setup" is-config="true" duration-ms="5951" started-at="2019-09-12T16:19:35Z" finished-at="2019-09-12T16:19:41Z">
          <reporter-output>
          </reporter-output>
        </test-method> <!-- setup -->
        <test-method status="PASS" signature="CreateGroups(java.lang.String)[pri:0, instance:com.eagle.qa.testcases.Create_Group@271053e1]" name="CreateGroups" duration-ms="30906" started-at="2019-09-12T16:19:41Z" data-provider="getdata" finished-at="2019-09-12T16:20:12Z">
          <params>
            <param index="0">
              <value>
                <![CDATA[groupName2]]>
              </value>
            </param>
          </params>
          <reporter-output>
          </reporter-output>
        </test-method> <!-- CreateGroups -->
        <test-method status="PASS" signature="tear()[pri:0, instance:com.eagle.qa.testcases.Create_Group@271053e1]" name="tear" is-config="true" duration-ms="636" started-at="2019-09-12T16:20:12Z" finished-at="2019-09-12T16:20:13Z">
          <reporter-output>
          </reporter-output>
        </test-method> <!-- tear -->
        <test-method status="PASS" signature="setup()[pri:0, instance:com.eagle.qa.testcases.Create_Group@271053e1]" name="setup" is-config="true" duration-ms="6189" started-at="2019-09-12T16:20:13Z" finished-at="2019-09-12T16:20:19Z">
          <reporter-output>
          </reporter-output>
        </test-method> <!-- setup -->
        <test-method status="PASS" signature="CreateGroups(java.lang.String)[pri:0, instance:com.eagle.qa.testcases.Create_Group@271053e1]" name="CreateGroups" duration-ms="30897" started-at="2019-09-12T16:20:19Z" data-provider="getdata" finished-at="2019-09-12T16:20:50Z">
          <params>
            <param index="0">
              <value>
                <![CDATA[groupName3]]>
              </value>
            </param>
          </params>
          <reporter-output>
          </reporter-output>
        </test-method> <!-- CreateGroups -->
        <test-method status="PASS" signature="tear()[pri:0, instance:com.eagle.qa.testcases.Create_Group@271053e1]" name="tear" is-config="true" duration-ms="602" started-at="2019-09-12T16:20:50Z" finished-at="2019-09-12T16:20:50Z">
          <reporter-output>
          </reporter-output>
        </test-method> <!-- tear -->
        <test-method status="PASS" signature="setup()[pri:0, instance:com.eagle.qa.testcases.Create_Group@271053e1]" name="setup" is-config="true" duration-ms="7002" started-at="2019-09-12T16:20:50Z" finished-at="2019-09-12T16:20:57Z">
          <reporter-output>
          </reporter-output>
        </test-method> <!-- setup -->
        <test-method status="PASS" signature="CreateGroups(java.lang.String)[pri:0, instance:com.eagle.qa.testcases.Create_Group@271053e1]" name="CreateGroups" duration-ms="30859" started-at="2019-09-12T16:20:57Z" data-provider="getdata" finished-at="2019-09-12T16:21:28Z">
          <params>
            <param index="0">
              <value>
                <![CDATA[groupName4]]>
              </value>
            </param>
          </params>
          <reporter-output>
          </reporter-output>
        </test-method> <!-- CreateGroups -->
        <test-method status="PASS" signature="tear()[pri:0, instance:com.eagle.qa.testcases.Create_Group@271053e1]" name="tear" is-config="true" duration-ms="612" started-at="2019-09-12T16:21:28Z" finished-at="2019-09-12T16:21:29Z">
          <reporter-output>
          </reporter-output>
        </test-method> <!-- tear -->
        <test-method status="PASS" signature="setup()[pri:0, instance:com.eagle.qa.testcases.Create_Group@271053e1]" name="setup" is-config="true" duration-ms="6016" started-at="2019-09-12T16:21:29Z" finished-at="2019-09-12T16:21:35Z">
          <reporter-output>
          </reporter-output>
        </test-method> <!-- setup -->
        <test-method status="PASS" signature="CreateGroups(java.lang.String)[pri:0, instance:com.eagle.qa.testcases.Create_Group@271053e1]" name="CreateGroups" duration-ms="31160" started-at="2019-09-12T16:21:35Z" data-provider="getdata" finished-at="2019-09-12T16:22:06Z">
          <params>
            <param index="0">
              <value>
                <![CDATA[groupName5]]>
              </value>
            </param>
          </params>
          <reporter-output>
          </reporter-output>
        </test-method> <!-- CreateGroups -->
        <test-method status="PASS" signature="tear()[pri:0, instance:com.eagle.qa.testcases.Create_Group@271053e1]" name="tear" is-config="true" duration-ms="607" started-at="2019-09-12T16:22:06Z" finished-at="2019-09-12T16:22:07Z">
          <reporter-output>
          </reporter-output>
        </test-method> <!-- tear -->
        <test-method status="PASS" signature="setup()[pri:0, instance:com.eagle.qa.testcases.Create_Group@271053e1]" name="setup" is-config="true" duration-ms="6014" started-at="2019-09-12T16:22:07Z" finished-at="2019-09-12T16:22:13Z">
          <reporter-output>
          </reporter-output>
        </test-method> <!-- setup -->
        <test-method status="PASS" signature="CreateGroups(java.lang.String)[pri:0, instance:com.eagle.qa.testcases.Create_Group@271053e1]" name="CreateGroups" duration-ms="31184" started-at="2019-09-12T16:22:13Z" data-provider="getdata" finished-at="2019-09-12T16:22:44Z">
          <params>
            <param index="0">
              <value>
                <![CDATA[groupName6]]>
              </value>
            </param>
          </params>
          <reporter-output>
          </reporter-output>
        </test-method> <!-- CreateGroups -->
        <test-method status="PASS" signature="tear()[pri:0, instance:com.eagle.qa.testcases.Create_Group@271053e1]" name="tear" is-config="true" duration-ms="609" started-at="2019-09-12T16:22:44Z" finished-at="2019-09-12T16:22:45Z">
          <reporter-output>
          </reporter-output>
        </test-method> <!-- tear -->
        <test-method status="PASS" signature="setup()[pri:0, instance:com.eagle.qa.testcases.Create_Group@271053e1]" name="setup" is-config="true" duration-ms="5654" started-at="2019-09-12T16:22:45Z" finished-at="2019-09-12T16:22:50Z">
          <reporter-output>
          </reporter-output>
        </test-method> <!-- setup -->
        <test-method status="PASS" signature="CreateGroups(java.lang.String)[pri:0, instance:com.eagle.qa.testcases.Create_Group@271053e1]" name="CreateGroups" duration-ms="30885" started-at="2019-09-12T16:22:50Z" data-provider="getdata" finished-at="2019-09-12T16:23:21Z">
          <params>
            <param index="0">
              <value>
                <![CDATA[groupName7]]>
              </value>
            </param>
          </params>
          <reporter-output>
          </reporter-output>
        </test-method> <!-- CreateGroups -->
        <test-method status="PASS" signature="tear()[pri:0, instance:com.eagle.qa.testcases.Create_Group@271053e1]" name="tear" is-config="true" duration-ms="602" started-at="2019-09-12T16:23:21Z" finished-at="2019-09-12T16:23:22Z">
          <reporter-output>
          </reporter-output>
        </test-method> <!-- tear -->
        <test-method status="PASS" signature="setup()[pri:0, instance:com.eagle.qa.testcases.Create_Group@271053e1]" name="setup" is-config="true" duration-ms="5903" started-at="2019-09-12T16:23:22Z" finished-at="2019-09-12T16:23:28Z">
          <reporter-output>
          </reporter-output>
        </test-method> <!-- setup -->
        <test-method status="PASS" signature="CreateGroups(java.lang.String)[pri:0, instance:com.eagle.qa.testcases.Create_Group@271053e1]" name="CreateGroups" duration-ms="30855" started-at="2019-09-12T16:23:28Z" data-provider="getdata" finished-at="2019-09-12T16:23:58Z">
          <params>
            <param index="0">
              <value>
                <![CDATA[groupName8]]>
              </value>
            </param>
          </params>
          <reporter-output>
          </reporter-output>
        </test-method> <!-- CreateGroups -->
        <test-method status="PASS" signature="tear()[pri:0, instance:com.eagle.qa.testcases.Create_Group@271053e1]" name="tear" is-config="true" duration-ms="610" started-at="2019-09-12T16:23:58Z" finished-at="2019-09-12T16:23:59Z">
          <reporter-output>
          </reporter-output>
        </test-method> <!-- tear -->
        <test-method status="PASS" signature="setup()[pri:0, instance:com.eagle.qa.testcases.Create_Group@271053e1]" name="setup" is-config="true" duration-ms="5863" started-at="2019-09-12T16:23:59Z" finished-at="2019-09-12T16:24:05Z">
          <reporter-output>
          </reporter-output>
        </test-method> <!-- setup -->
        <test-method status="PASS" signature="CreateGroups(java.lang.String)[pri:0, instance:com.eagle.qa.testcases.Create_Group@271053e1]" name="CreateGroups" duration-ms="30999" started-at="2019-09-12T16:24:05Z" data-provider="getdata" finished-at="2019-09-12T16:24:36Z">
          <params>
            <param index="0">
              <value>
                <![CDATA[groupName9]]>
              </value>
            </param>
          </params>
          <reporter-output>
          </reporter-output>
        </test-method> <!-- CreateGroups -->
        <test-method status="PASS" signature="tear()[pri:0, instance:com.eagle.qa.testcases.Create_Group@271053e1]" name="tear" is-config="true" duration-ms="608" started-at="2019-09-12T16:24:36Z" finished-at="2019-09-12T16:24:37Z">
          <reporter-output>
          </reporter-output>
        </test-method> <!-- tear -->
        <test-method status="PASS" signature="setup()[pri:0, instance:com.eagle.qa.testcases.Create_Group@271053e1]" name="setup" is-config="true" duration-ms="6361" started-at="2019-09-12T16:24:37Z" finished-at="2019-09-12T16:24:43Z">
          <reporter-output>
          </reporter-output>
        </test-method> <!-- setup -->
        <test-method status="PASS" signature="CreateGroups(java.lang.String)[pri:0, instance:com.eagle.qa.testcases.Create_Group@271053e1]" name="CreateGroups" duration-ms="30910" started-at="2019-09-12T16:24:43Z" data-provider="getdata" finished-at="2019-09-12T16:25:14Z">
          <params>
            <param index="0">
              <value>
                <![CDATA[groupName10]]>
              </value>
            </param>
          </params>
          <reporter-output>
          </reporter-output>
        </test-method> <!-- CreateGroups -->
        <test-method status="PASS" signature="tear()[pri:0, instance:com.eagle.qa.testcases.Create_Group@271053e1]" name="tear" is-config="true" duration-ms="608" started-at="2019-09-12T16:25:14Z" finished-at="2019-09-12T16:25:14Z">
          <reporter-output>
          </reporter-output>
        </test-method> <!-- tear -->
        <test-method status="PASS" signature="setup()[pri:0, instance:com.eagle.qa.testcases.Create_Group@271053e1]" name="setup" is-config="true" duration-ms="7710" started-at="2019-09-12T16:37:18Z" finished-at="2019-09-12T16:37:25Z">
          <reporter-output>
          </reporter-output>
        </test-method> <!-- setup -->
        <test-method status="FAIL" signature="delete()[pri:2, instance:com.eagle.qa.testcases.Create_Group@271053e1]" name="delete" duration-ms="20575" started-at="2019-09-12T16:37:25Z" finished-at="2019-09-12T16:37:46Z">
          <exception class="org.openqa.selenium.NoSuchElementException">
            <message>
              <![CDATA[no such element: Unable to locate element: {"method":"xpath","selector":"//*[@id='manageEmailGroupModal']/div/div/div[2]/div[3]/div[3]/ul/li/div[2]/div[1]/button[3]/span/i"}
  (Session info: chrome=76.0.3809.132)
  (Driver info: chromedriver=72.0.3626.69 (3c16f8a135abc0d4da2dff33804db79b849a7c38),platform=Windows NT 10.0.17134 x86_64) (WARNING: The server did not provide any stacktrace information)
Command duration or timeout: 0 milliseconds
For documentation on this error, please visit: http://seleniumhq.org/exceptions/no_such_element.html
Build info: version: '3.5.3', revision: 'a88d25fe6b', time: '2017-08-29T12:42:44.417Z'
System info: host: 'DESKTOP-CN3G2S6', ip: '192.168.65.2', os.name: 'Windows 10', os.arch: 'amd64', os.version: '10.0', java.version: '1.8.0_191'
Driver info: org.openqa.selenium.chrome.ChromeDriver
Capabilities [{mobileEmulationEnabled=false, timeouts={implicit=0, pageLoad=300000, script=30000}, hasTouchScreen=false, platform=XP, acceptSslCerts=false, goog:chromeOptions={debuggerAddress=localhost:35249}, acceptInsecureCerts=false, webStorageEnabled=true, browserName=chrome, takesScreenshot=true, javascriptEnabled=true, platformName=XP, setWindowRect=true, unexpectedAlertBehaviour=ignore, applicationCacheEnabled=false, rotatable=false, networkConnectionEnabled=false, chrome={chromedriverVersion=72.0.3626.69 (3c16f8a135abc0d4da2dff33804db79b849a7c38), userDataDir=C:\Users\dell\AppData\Local\Temp\scoped_dir43788_8695}, takesHeapSnapshot=true, unhandledPromptBehavior=ignore, pageLoadStrategy=normal, databaseEnabled=false, handlesAlerts=true, version=76.0.3809.132, browserConnectionEnabled=false, proxy=Proxy(), nativeEvents=true, locationContextEnabled=true, cssSelectorsEnabled=true}]
Session ID: 6db3c622b1be63fc50e33d5ae65d1375
*** Element info: {Using=xpath, value=//*[@id='manageEmailGroupModal']/div/div/div[2]/div[3]/div[3]/ul/li/div[2]/div[1]/button[3]/span/i}]]>
            </message>
            <full-stacktrace>
              <![CDATA[org.openqa.selenium.NoSuchElementException: no such element: Unable to locate element: {"method":"xpath","selector":"//*[@id='manageEmailGroupModal']/div/div/div[2]/div[3]/div[3]/ul/li/div[2]/div[1]/button[3]/span/i"}
  (Session info: chrome=76.0.3809.132)
  (Driver info: chromedriver=72.0.3626.69 (3c16f8a135abc0d4da2dff33804db79b849a7c38),platform=Windows NT 10.0.17134 x86_64) (WARNING: The server did not provide any stacktrace information)
Command duration or timeout: 0 milliseconds
For documentation on this error, please visit: http://seleniumhq.org/exceptions/no_such_element.html
Build info: version: '3.5.3', revision: 'a88d25fe6b', time: '2017-08-29T12:42:44.417Z'
System info: host: 'DESKTOP-CN3G2S6', ip: '192.168.65.2', os.name: 'Windows 10', os.arch: 'amd64', os.version: '10.0', java.version: '1.8.0_191'
Driver info: org.openqa.selenium.chrome.ChromeDriver
Capabilities [{mobileEmulationEnabled=false, timeouts={implicit=0, pageLoad=300000, script=30000}, hasTouchScreen=false, platform=XP, acceptSslCerts=false, goog:chromeOptions={debuggerAddress=localhost:35249}, acceptInsecureCerts=false, webStorageEnabled=true, browserName=chrome, takesScreenshot=true, javascriptEnabled=true, platformName=XP, setWindowRect=true, unexpectedAlertBehaviour=ignore, applicationCacheEnabled=false, rotatable=false, networkConnectionEnabled=false, chrome={chromedriverVersion=72.0.3626.69 (3c16f8a135abc0d4da2dff33804db79b849a7c38), userDataDir=C:\Users\dell\AppData\Local\Temp\scoped_dir43788_8695}, takesHeapSnapshot=true, unhandledPromptBehavior=ignore, pageLoadStrategy=normal, databaseEnabled=false, handlesAlerts=true, version=76.0.3809.132, browserConnectionEnabled=false, proxy=Proxy(), nativeEvents=true, locationContextEnabled=true, cssSelectorsEnabled=true}]
Session ID: 6db3c622b1be63fc50e33d5ae65d1375
*** Element info: {Using=xpath, value=//*[@id='manageEmailGroupModal']/div/div/div[2]/div[3]/div[3]/ul/li/div[2]/div[1]/button[3]/span/i}
	at sun.reflect.NativeConstructorAccessorImpl.newInstance0(Native Method)
	at sun.reflect.NativeConstructorAccessorImpl.newInstance(NativeConstructorAccessorImpl.java:62)
	at sun.reflect.DelegatingConstructorAccessorImpl.newInstance(DelegatingConstructorAccessorImpl.java:45)
	at java.lang.reflect.Constructor.newInstance(Constructor.java:423)
	at org.openqa.selenium.remote.ErrorHandler.createThrowable(ErrorHandler.java:215)
	at org.openqa.selenium.remote.ErrorHandler.throwIfResponseFailed(ErrorHandler.java:167)
	at org.openqa.selenium.remote.http.JsonHttpResponseCodec.reconstructValue(JsonHttpResponseCodec.java:40)
	at org.openqa.selenium.remote.http.AbstractHttpResponseCodec.decode(AbstractHttpResponseCodec.java:82)
	at org.openqa.selenium.remote.http.AbstractHttpResponseCodec.decode(AbstractHttpResponseCodec.java:45)
	at org.openqa.selenium.remote.HttpCommandExecutor.execute(HttpCommandExecutor.java:164)
	at org.openqa.selenium.remote.service.DriverCommandExecutor.execute(DriverCommandExecutor.java:82)
	at org.openqa.selenium.remote.RemoteWebDriver.execute(RemoteWebDriver.java:646)
	at org.openqa.selenium.remote.RemoteWebDriver.findElement(RemoteWebDriver.java:416)
	at org.openqa.selenium.remote.RemoteWebDriver.findElementByXPath(RemoteWebDriver.java:518)
	at org.openqa.selenium.By$ByXPath.findElement(By.java:361)
	at org.openqa.selenium.remote.RemoteWebDriver.findElement(RemoteWebDriver.java:408)
	at sun.reflect.GeneratedMethodAccessor5.invoke(Unknown Source)
	at sun.reflect.DelegatingMethodAccessorImpl.invoke(DelegatingMethodAccessorImpl.java:43)
	at java.lang.reflect.Method.invoke(Method.java:498)
	at org.openqa.selenium.support.events.EventFiringWebDriver$2.invoke(EventFiringWebDriver.java:105)
	at com.sun.proxy.$Proxy8.findElement(Unknown Source)
	at org.openqa.selenium.support.events.EventFiringWebDriver.findElement(EventFiringWebDriver.java:189)
	at com.eagle.qa.testcases.Create_Group.delete(Create_Group.java:44)
	at sun.reflect.NativeMethodAccessorImpl.invoke0(Native Method)
	at sun.reflect.NativeMethodAccessorImpl.invoke(NativeMethodAccessorImpl.java:62)
	at sun.reflect.DelegatingMethodAccessorImpl.invoke(DelegatingMethodAccessorImpl.java:43)
	at java.lang.reflect.Method.invoke(Method.java:498)
	at org.testng.internal.MethodInvocationHelper.invokeMethod(MethodInvocationHelper.java:104)
	at org.testng.internal.Invoker.invokeMethod(Invoker.java:645)
	at org.testng.internal.Invoker.invokeTestMethod(Invoker.java:851)
	at org.testng.internal.Invoker.invokeTestMethods(Invoker.java:1177)
	at org.testng.internal.TestMethodWorker.invokeTestMethods(TestMethodWorker.java:129)
	at org.testng.internal.TestMethodWorker.run(TestMethodWorker.java:112)
	at org.testng.TestRunner.privateRun(TestRunner.java:756)
	at org.testng.TestRunner.run(TestRunner.java:610)
	at org.testng.SuiteRunner.runTest(SuiteRunner.java:387)
	at org.testng.SuiteRunner.runSequentially(SuiteRunner.java:382)
	at org.testng.SuiteRunner.privateRun(SuiteRunner.java:340)
	at org.testng.SuiteRunner.run(SuiteRunner.java:289)
	at org.testng.SuiteRunnerWorker.runSuite(SuiteRunnerWorker.java:52)
	at org.testng.SuiteRunnerWorker.run(SuiteRunnerWorker.java:86)
	at org.testng.TestNG.runSuitesSequentially(TestNG.java:1293)
	at org.testng.TestNG.runSuitesLocally(TestNG.java:1218)
	at org.testng.TestNG.runSuites(TestNG.java:1133)
	at org.testng.TestNG.run(TestNG.java:1104)
	at org.testng.remote.AbstractRemoteTestNG.run(AbstractRemoteTestNG.java:114)
	at org.testng.remote.RemoteTestNG.initAndRun(RemoteTestNG.java:251)
	at org.testng.remote.RemoteTestNG.main(RemoteTestNG.java:77)
]]>
            </full-stacktrace>
          </exception> <!-- org.openqa.selenium.NoSuchElementException -->
          <reporter-output>
          </reporter-output>
        </test-method> <!-- delete -->
        <test-method status="PASS" signature="tear()[pri:0, instance:com.eagle.qa.testcases.Create_Group@271053e1]" name="tear" is-config="true" duration-ms="609" started-at="2019-09-12T16:37:46Z" finished-at="2019-09-12T16:37:46Z">
          <reporter-output>
          </reporter-output>
        </test-method> <!-- tear -->
      </class> <!-- com.eagle.qa.testcases.Create_Group -->
      <class name="com.eagle.qa.testcases.Payment_test">
        <test-method status="PASS" signature="Setup()[pri:0, instance:com.eagle.qa.testcases.Payment_test@4cf777e8]" name="Setup" is-config="true" duration-ms="5857" started-at="2019-09-12T16:29:47Z" finished-at="2019-09-12T16:29:53Z">
          <reporter-output>
          </reporter-output>
        </test-method> <!-- Setup -->
        <test-method status="PASS" signature="payment()[pri:0, instance:com.eagle.qa.testcases.Payment_test@4cf777e8]" name="payment" duration-ms="11306" started-at="2019-09-12T16:29:53Z" finished-at="2019-09-12T16:30:04Z">
          <reporter-output>
          </reporter-output>
        </test-method> <!-- payment -->
        <test-method status="PASS" signature="teardown()[pri:0, instance:com.eagle.qa.testcases.Payment_test@4cf777e8]" name="teardown" is-config="true" duration-ms="786" started-at="2019-09-12T16:30:04Z" finished-at="2019-09-12T16:30:05Z">
          <reporter-output>
          </reporter-output>
        </test-method> <!-- teardown -->
      </class> <!-- com.eagle.qa.testcases.Payment_test -->
      <class name="com.eagle.qa.testcases.WebConference_invitation">
        <test-method status="PASS" signature="setup()[pri:0, instance:com.eagle.qa.testcases.WebConference_invitation@42dafa95]" name="setup" is-config="true" duration-ms="6131" started-at="2019-09-12T16:25:27Z" finished-at="2019-09-12T16:25:33Z">
          <reporter-output>
          </reporter-output>
        </test-method> <!-- setup -->
        <test-method status="PASS" signature="WebConference__invitation(java.lang.String, java.lang.String, java.lang.String)[pri:0, instance:com.eagle.qa.testcases.WebConference_invitation@42dafa95]" name="WebConference__invitation" duration-ms="1688" started-at="2019-09-12T16:25:33Z" data-provider="getdata" finished-at="2019-09-12T16:25:35Z">
          <params>
            <param index="0">
              <value>
                <![CDATA[dev@eagleconferencing.in]]>
              </value>
            </param>
            <param index="1">
              <value>
                <![CDATA[Test]]>
              </value>
            </param>
            <param index="2">
              <value>
                <![CDATA[Test]]>
              </value>
            </param>
          </params>
          <reporter-output>
          </reporter-output>
        </test-method> <!-- WebConference__invitation -->
        <test-method status="PASS" signature="Teardown()[pri:0, instance:com.eagle.qa.testcases.WebConference_invitation@42dafa95]" name="Teardown" is-config="true" duration-ms="0" started-at="2019-09-12T16:25:35Z" finished-at="2019-09-12T16:25:35Z">
          <reporter-output>
          </reporter-output>
        </test-method> <!-- Teardown -->
      </class> <!-- com.eagle.qa.testcases.WebConference_invitation -->
      <class name="com.eagle.qa.testcases.Add_Contacts">
        <test-method status="PASS" signature="setup()[pri:0, instance:com.eagle.qa.testcases.Add_Contacts@6500df86]" name="setup" is-config="true" duration-ms="8620" started-at="2019-09-12T16:25:35Z" finished-at="2019-09-12T16:25:44Z">
          <reporter-output>
          </reporter-output>
        </test-method> <!-- setup -->
        <test-method status="PASS" signature="AddContacts(java.lang.String, java.lang.String)[pri:0, instance:com.eagle.qa.testcases.Add_Contacts@6500df86]" name="AddContacts" duration-ms="49591" started-at="2019-09-12T16:25:44Z" data-provider="getdata" finished-at="2019-09-12T16:26:33Z">
          <params>
            <param index="0">
              <value>
                <![CDATA[Devaraj ]]>
              </value>
            </param>
            <param index="1">
              <value>
                <![CDATA[gunjali@gmail.com]]>
              </value>
            </param>
          </params>
          <reporter-output>
          </reporter-output>
        </test-method> <!-- AddContacts -->
        <test-method status="PASS" signature="TearDown()[pri:0, instance:com.eagle.qa.testcases.Add_Contacts@6500df86]" name="TearDown" is-config="true" duration-ms="597" started-at="2019-09-12T16:26:33Z" finished-at="2019-09-12T16:26:34Z">
          <reporter-output>
          </reporter-output>
        </test-method> <!-- TearDown -->
        <test-method status="PASS" signature="setup()[pri:0, instance:com.eagle.qa.testcases.Add_Contacts@6500df86]" name="setup" is-config="true" duration-ms="6108" started-at="2019-09-12T16:26:34Z" finished-at="2019-09-12T16:26:40Z">
          <reporter-output>
          </reporter-output>
        </test-method> <!-- setup -->
        <test-method status="PASS" signature="AddContacts(java.lang.String, java.lang.String)[pri:0, instance:com.eagle.qa.testcases.Add_Contacts@6500df86]" name="AddContacts" duration-ms="31488" started-at="2019-09-12T16:26:40Z" data-provider="getdata" finished-at="2019-09-12T16:27:11Z">
          <params>
            <param index="0">
              <value>
                <![CDATA[gunjali]]>
              </value>
            </param>
            <param index="1">
              <value>
                <![CDATA[gunjali@gmail.com]]>
              </value>
            </param>
          </params>
          <reporter-output>
          </reporter-output>
        </test-method> <!-- AddContacts -->
        <test-method status="PASS" signature="TearDown()[pri:0, instance:com.eagle.qa.testcases.Add_Contacts@6500df86]" name="TearDown" is-config="true" duration-ms="618" started-at="2019-09-12T16:27:11Z" finished-at="2019-09-12T16:27:12Z">
          <reporter-output>
          </reporter-output>
        </test-method> <!-- TearDown -->
        <test-method status="PASS" signature="setup()[pri:0, instance:com.eagle.qa.testcases.Add_Contacts@6500df86]" name="setup" is-config="true" duration-ms="6951" started-at="2019-09-12T16:37:46Z" finished-at="2019-09-12T16:37:53Z">
          <reporter-output>
          </reporter-output>
        </test-method> <!-- setup -->
        <test-method status="PASS" signature="cancelbutton()[pri:2, instance:com.eagle.qa.testcases.Add_Contacts@6500df86]" name="cancelbutton" duration-ms="18560" started-at="2019-09-12T16:37:53Z" finished-at="2019-09-12T16:38:12Z">
          <reporter-output>
          </reporter-output>
        </test-method> <!-- cancelbutton -->
        <test-method status="PASS" signature="TearDown()[pri:0, instance:com.eagle.qa.testcases.Add_Contacts@6500df86]" name="TearDown" is-config="true" duration-ms="614" started-at="2019-09-12T16:38:12Z" finished-at="2019-09-12T16:38:13Z">
          <reporter-output>
          </reporter-output>
        </test-method> <!-- TearDown -->
        <test-method status="PASS" signature="setup()[pri:0, instance:com.eagle.qa.testcases.Add_Contacts@6500df86]" name="setup" is-config="true" duration-ms="12532" started-at="2019-09-12T16:38:13Z" finished-at="2019-09-12T16:38:25Z">
          <reporter-output>
          </reporter-output>
        </test-method> <!-- setup -->
        <test-method status="FAIL" signature="Deletecontacts()[pri:3, instance:com.eagle.qa.testcases.Add_Contacts@6500df86]" name="Deletecontacts" duration-ms="50851" started-at="2019-09-12T16:38:25Z" finished-at="2019-09-12T16:39:16Z">
          <exception class="org.openqa.selenium.NoSuchElementException">
            <message>
              <![CDATA[no such element: Unable to locate element: {"method":"xpath","selector":"//*[@id='manageEmailGroupModal']/div/div/div[2]/div[3]/div[3]/div/div/ul/li[3]/div/div[4]/div[1]/button[2]"}
  (Session info: chrome=76.0.3809.132)
  (Driver info: chromedriver=72.0.3626.69 (3c16f8a135abc0d4da2dff33804db79b849a7c38),platform=Windows NT 10.0.17134 x86_64) (WARNING: The server did not provide any stacktrace information)
Command duration or timeout: 0 milliseconds
For documentation on this error, please visit: http://seleniumhq.org/exceptions/no_such_element.html
Build info: version: '3.5.3', revision: 'a88d25fe6b', time: '2017-08-29T12:42:44.417Z'
System info: host: 'DESKTOP-CN3G2S6', ip: '192.168.65.2', os.name: 'Windows 10', os.arch: 'amd64', os.version: '10.0', java.version: '1.8.0_191'
Driver info: org.openqa.selenium.chrome.ChromeDriver
Capabilities [{mobileEmulationEnabled=false, timeouts={implicit=0, pageLoad=300000, script=30000}, hasTouchScreen=false, platform=XP, acceptSslCerts=false, goog:chromeOptions={debuggerAddress=localhost:35369}, acceptInsecureCerts=false, webStorageEnabled=true, browserName=chrome, takesScreenshot=true, javascriptEnabled=true, platformName=XP, setWindowRect=true, unexpectedAlertBehaviour=ignore, applicationCacheEnabled=false, rotatable=false, networkConnectionEnabled=false, chrome={chromedriverVersion=72.0.3626.69 (3c16f8a135abc0d4da2dff33804db79b849a7c38), userDataDir=C:\Users\dell\AppData\Local\Temp\scoped_dir60984_22164}, takesHeapSnapshot=true, unhandledPromptBehavior=ignore, pageLoadStrategy=normal, databaseEnabled=false, handlesAlerts=true, version=76.0.3809.132, browserConnectionEnabled=false, proxy=Proxy(), nativeEvents=true, locationContextEnabled=true, cssSelectorsEnabled=true}]
Session ID: 746f70d3d8428ce3a316b96d8a956d85
*** Element info: {Using=xpath, value=//*[@id='manageEmailGroupModal']/div/div/div[2]/div[3]/div[3]/div/div/ul/li[3]/div/div[4]/div[1]/button[2]}]]>
            </message>
            <full-stacktrace>
              <![CDATA[org.openqa.selenium.NoSuchElementException: no such element: Unable to locate element: {"method":"xpath","selector":"//*[@id='manageEmailGroupModal']/div/div/div[2]/div[3]/div[3]/div/div/ul/li[3]/div/div[4]/div[1]/button[2]"}
  (Session info: chrome=76.0.3809.132)
  (Driver info: chromedriver=72.0.3626.69 (3c16f8a135abc0d4da2dff33804db79b849a7c38),platform=Windows NT 10.0.17134 x86_64) (WARNING: The server did not provide any stacktrace information)
Command duration or timeout: 0 milliseconds
For documentation on this error, please visit: http://seleniumhq.org/exceptions/no_such_element.html
Build info: version: '3.5.3', revision: 'a88d25fe6b', time: '2017-08-29T12:42:44.417Z'
System info: host: 'DESKTOP-CN3G2S6', ip: '192.168.65.2', os.name: 'Windows 10', os.arch: 'amd64', os.version: '10.0', java.version: '1.8.0_191'
Driver info: org.openqa.selenium.chrome.ChromeDriver
Capabilities [{mobileEmulationEnabled=false, timeouts={implicit=0, pageLoad=300000, script=30000}, hasTouchScreen=false, platform=XP, acceptSslCerts=false, goog:chromeOptions={debuggerAddress=localhost:35369}, acceptInsecureCerts=false, webStorageEnabled=true, browserName=chrome, takesScreenshot=true, javascriptEnabled=true, platformName=XP, setWindowRect=true, unexpectedAlertBehaviour=ignore, applicationCacheEnabled=false, rotatable=false, networkConnectionEnabled=false, chrome={chromedriverVersion=72.0.3626.69 (3c16f8a135abc0d4da2dff33804db79b849a7c38), userDataDir=C:\Users\dell\AppData\Local\Temp\scoped_dir60984_22164}, takesHeapSnapshot=true, unhandledPromptBehavior=ignore, pageLoadStrategy=normal, databaseEnabled=false, handlesAlerts=true, version=76.0.3809.132, browserConnectionEnabled=false, proxy=Proxy(), nativeEvents=true, locationContextEnabled=true, cssSelectorsEnabled=true}]
Session ID: 746f70d3d8428ce3a316b96d8a956d85
*** Element info: {Using=xpath, value=//*[@id='manageEmailGroupModal']/div/div/div[2]/div[3]/div[3]/div/div/ul/li[3]/div/div[4]/div[1]/button[2]}
	at sun.reflect.NativeConstructorAccessorImpl.newInstance0(Native Method)
	at sun.reflect.NativeConstructorAccessorImpl.newInstance(NativeConstructorAccessorImpl.java:62)
	at sun.reflect.DelegatingConstructorAccessorImpl.newInstance(DelegatingConstructorAccessorImpl.java:45)
	at java.lang.reflect.Constructor.newInstance(Constructor.java:423)
	at org.openqa.selenium.remote.ErrorHandler.createThrowable(ErrorHandler.java:215)
	at org.openqa.selenium.remote.ErrorHandler.throwIfResponseFailed(ErrorHandler.java:167)
	at org.openqa.selenium.remote.http.JsonHttpResponseCodec.reconstructValue(JsonHttpResponseCodec.java:40)
	at org.openqa.selenium.remote.http.AbstractHttpResponseCodec.decode(AbstractHttpResponseCodec.java:82)
	at org.openqa.selenium.remote.http.AbstractHttpResponseCodec.decode(AbstractHttpResponseCodec.java:45)
	at org.openqa.selenium.remote.HttpCommandExecutor.execute(HttpCommandExecutor.java:164)
	at org.openqa.selenium.remote.service.DriverCommandExecutor.execute(DriverCommandExecutor.java:82)
	at org.openqa.selenium.remote.RemoteWebDriver.execute(RemoteWebDriver.java:646)
	at org.openqa.selenium.remote.RemoteWebDriver.findElement(RemoteWebDriver.java:416)
	at org.openqa.selenium.remote.RemoteWebDriver.findElementByXPath(RemoteWebDriver.java:518)
	at org.openqa.selenium.By$ByXPath.findElement(By.java:361)
	at org.openqa.selenium.remote.RemoteWebDriver.findElement(RemoteWebDriver.java:408)
	at sun.reflect.GeneratedMethodAccessor5.invoke(Unknown Source)
	at sun.reflect.DelegatingMethodAccessorImpl.invoke(DelegatingMethodAccessorImpl.java:43)
	at java.lang.reflect.Method.invoke(Method.java:498)
	at org.openqa.selenium.support.events.EventFiringWebDriver$2.invoke(EventFiringWebDriver.java:105)
	at com.sun.proxy.$Proxy8.findElement(Unknown Source)
	at org.openqa.selenium.support.events.EventFiringWebDriver.findElement(EventFiringWebDriver.java:189)
	at org.openqa.selenium.support.pagefactory.DefaultElementLocator.findElement(DefaultElementLocator.java:69)
	at org.openqa.selenium.support.pagefactory.internal.LocatingElementHandler.invoke(LocatingElementHandler.java:38)
	at com.sun.proxy.$Proxy12.click(Unknown Source)
	at com.EagleconM.qa.pages.Add_contact.DeleteContacta(Add_contact.java:83)
	at com.eagle.qa.testcases.Add_Contacts.Deletecontacts(Add_Contacts.java:51)
	at sun.reflect.NativeMethodAccessorImpl.invoke0(Native Method)
	at sun.reflect.NativeMethodAccessorImpl.invoke(NativeMethodAccessorImpl.java:62)
	at sun.reflect.DelegatingMethodAccessorImpl.invoke(DelegatingMethodAccessorImpl.java:43)
	at java.lang.reflect.Method.invoke(Method.java:498)
	at org.testng.internal.MethodInvocationHelper.invokeMethod(MethodInvocationHelper.java:104)
	at org.testng.internal.Invoker.invokeMethod(Invoker.java:645)
	at org.testng.internal.Invoker.invokeTestMethod(Invoker.java:851)
	at org.testng.internal.Invoker.invokeTestMethods(Invoker.java:1177)
	at org.testng.internal.TestMethodWorker.invokeTestMethods(TestMethodWorker.java:129)
	at org.testng.internal.TestMethodWorker.run(TestMethodWorker.java:112)
	at org.testng.TestRunner.privateRun(TestRunner.java:756)
	at org.testng.TestRunner.run(TestRunner.java:610)
	at org.testng.SuiteRunner.runTest(SuiteRunner.java:387)
	at org.testng.SuiteRunner.runSequentially(SuiteRunner.java:382)
	at org.testng.SuiteRunner.privateRun(SuiteRunner.java:340)
	at org.testng.SuiteRunner.run(SuiteRunner.java:289)
	at org.testng.SuiteRunnerWorker.runSuite(SuiteRunnerWorker.java:52)
	at org.testng.SuiteRunnerWorker.run(SuiteRunnerWorker.java:86)
	at org.testng.TestNG.runSuitesSequentially(TestNG.java:1293)
	at org.testng.TestNG.runSuitesLocally(TestNG.java:1218)
	at org.testng.TestNG.runSuites(TestNG.java:1133)
	at org.testng.TestNG.run(TestNG.java:1104)
	at org.testng.remote.AbstractRemoteTestNG.run(AbstractRemoteTestNG.java:114)
	at org.testng.remote.RemoteTestNG.initAndRun(RemoteTestNG.java:251)
	at org.testng.remote.RemoteTestNG.main(RemoteTestNG.java:77)
]]>
            </full-stacktrace>
          </exception> <!-- org.openqa.selenium.NoSuchElementException -->
          <reporter-output>
          </reporter-output>
        </test-method> <!-- Deletecontacts -->
        <test-method status="PASS" signature="TearDown()[pri:0, instance:com.eagle.qa.testcases.Add_Contacts@6500df86]" name="TearDown" is-config="true" duration-ms="621" started-at="2019-09-12T16:39:16Z" finished-at="2019-09-12T16:39:17Z">
          <reporter-output>
          </reporter-output>
        </test-method> <!-- TearDown -->
      </class> <!-- com.eagle.qa.testcases.Add_Contacts -->
      <class name="com.eagle.qa.testcases.forgotPassword">
        <test-method status="PASS" signature="Setup()[pri:0, instance:com.eagle.qa.testcases.forgotPassword@4f7d0008]" name="Setup" is-config="true" duration-ms="4417" started-at="2019-09-12T16:18:18Z" finished-at="2019-09-12T16:18:22Z">
          <reporter-output>
          </reporter-output>
        </test-method> <!-- Setup -->
        <test-method status="PASS" signature="forgotpassword(java.lang.String)[pri:0, instance:com.eagle.qa.testcases.forgotPassword@4f7d0008]" name="forgotpassword" duration-ms="34534" started-at="2019-09-12T16:18:22Z" data-provider="getdata" finished-at="2019-09-12T16:18:57Z">
          <params>
            <param index="0">
              <value>
                <![CDATA[devarajgunjali91@gmail.com]]>
              </value>
            </param>
          </params>
          <reporter-output>
          </reporter-output>
        </test-method> <!-- forgotpassword -->
        <test-method status="PASS" signature="Teardown()[pri:0, instance:com.eagle.qa.testcases.forgotPassword@4f7d0008]" name="Teardown" is-config="true" duration-ms="598" started-at="2019-09-12T16:18:57Z" finished-at="2019-09-12T16:18:57Z">
          <reporter-output>
          </reporter-output>
        </test-method> <!-- Teardown -->
      </class> <!-- com.eagle.qa.testcases.forgotPassword -->
      <class name="com.eagle.qa.testcases.Log_out">
        <test-method status="PASS" signature="Setup()[pri:0, instance:com.eagle.qa.testcases.Log_out@589838eb]" name="Setup" is-config="true" duration-ms="6121" started-at="2019-09-12T16:25:14Z" finished-at="2019-09-12T16:25:21Z">
          <reporter-output>
          </reporter-output>
        </test-method> <!-- Setup -->
        <test-method status="PASS" signature="Logoutsuccessful()[pri:0, instance:com.eagle.qa.testcases.Log_out@589838eb]" name="Logoutsuccessful" duration-ms="5942" started-at="2019-09-12T16:25:21Z" finished-at="2019-09-12T16:25:26Z">
          <reporter-output>
          </reporter-output>
        </test-method> <!-- Logoutsuccessful -->
        <test-method status="PASS" signature="Teardown()[pri:0, instance:com.eagle.qa.testcases.Log_out@589838eb]" name="Teardown" is-config="true" duration-ms="634" started-at="2019-09-12T16:25:26Z" finished-at="2019-09-12T16:25:27Z">
          <reporter-output>
          </reporter-output>
        </test-method> <!-- Teardown -->
      </class> <!-- com.eagle.qa.testcases.Log_out -->
      <class name="com.eagle.qa.testcases.SelectingEmail_group">
        <test-method status="PASS" signature="setup()[pri:0, instance:com.eagle.qa.testcases.SelectingEmail_group@553f17c]" name="setup" is-config="true" duration-ms="10419" started-at="2019-09-12T16:17:45Z" finished-at="2019-09-12T16:17:55Z">
          <reporter-output>
          </reporter-output>
        </test-method> <!-- setup -->
        <test-method status="PASS" signature="SelectdropEmailgroup()[pri:0, instance:com.eagle.qa.testcases.SelectingEmail_group@553f17c]" name="SelectdropEmailgroup" duration-ms="21804" started-at="2019-09-12T16:17:55Z" finished-at="2019-09-12T16:18:17Z">
          <reporter-output>
          </reporter-output>
        </test-method> <!-- SelectdropEmailgroup -->
        <test-method status="PASS" signature="tearbrowser()[pri:0, instance:com.eagle.qa.testcases.SelectingEmail_group@553f17c]" name="tearbrowser" is-config="true" duration-ms="625" started-at="2019-09-12T16:18:17Z" finished-at="2019-09-12T16:18:17Z">
          <reporter-output>
          </reporter-output>
        </test-method> <!-- tearbrowser -->
      </class> <!-- com.eagle.qa.testcases.SelectingEmail_group -->
      <class name="com.eagle.qa.testcases.Moderator">
        <test-method status="PASS" signature="Setup()[pri:0, instance:com.eagle.qa.testcases.Moderator@402a079c]" name="Setup" is-config="true" duration-ms="5704" started-at="2019-09-12T16:27:12Z" finished-at="2019-09-12T16:27:18Z">
          <reporter-output>
          </reporter-output>
        </test-method> <!-- Setup -->
        <test-method status="PASS" signature="Morderotor()[pri:0, instance:com.eagle.qa.testcases.Moderator@402a079c]" name="Morderotor" duration-ms="15155" started-at="2019-09-12T16:27:18Z" finished-at="2019-09-12T16:27:33Z">
          <reporter-output>
          </reporter-output>
        </test-method> <!-- Morderotor -->
        <test-method status="PASS" signature="terdown()[pri:0, instance:com.eagle.qa.testcases.Moderator@402a079c]" name="terdown" is-config="true" duration-ms="612" started-at="2019-09-12T16:27:33Z" finished-at="2019-09-12T16:27:33Z">
          <reporter-output>
          </reporter-output>
        </test-method> <!-- terdown -->
        <test-method status="PASS" signature="Setup()[pri:0, instance:com.eagle.qa.testcases.Moderator@402a079c]" name="Setup" is-config="true" duration-ms="5845" started-at="2019-09-12T16:27:33Z" finished-at="2019-09-12T16:27:39Z">
          <reporter-output>
          </reporter-output>
        </test-method> <!-- Setup -->
        <test-method status="PASS" signature="Participant_Passcode()[pri:0, instance:com.eagle.qa.testcases.Moderator@402a079c]" name="Participant_Passcode" duration-ms="15145" started-at="2019-09-12T16:27:39Z" finished-at="2019-09-12T16:27:54Z">
          <reporter-output>
          </reporter-output>
        </test-method> <!-- Participant_Passcode -->
        <test-method status="PASS" signature="terdown()[pri:0, instance:com.eagle.qa.testcases.Moderator@402a079c]" name="terdown" is-config="true" duration-ms="613" started-at="2019-09-12T16:27:54Z" finished-at="2019-09-12T16:27:55Z">
          <reporter-output>
          </reporter-output>
        </test-method> <!-- terdown -->
      </class> <!-- com.eagle.qa.testcases.Moderator -->
      <class name="com.eagle.qa.testcases.Login_page">
        <test-method status="PASS" signature="Setup()[pri:0, instance:com.eagle.qa.testcases.Login_page@e45f292]" name="Setup" is-config="true" duration-ms="4116" started-at="2019-09-12T16:37:11Z" finished-at="2019-09-12T16:37:15Z">
          <reporter-output>
          </reporter-output>
        </test-method> <!-- Setup -->
        <test-method status="PASS" signature="Loginsuccessfuly()[pri:0, instance:com.eagle.qa.testcases.Login_page@e45f292]" name="Loginsuccessfuly" duration-ms="1641" started-at="2019-09-12T16:37:15Z" finished-at="2019-09-12T16:37:17Z">
          <reporter-output>
          </reporter-output>
        </test-method> <!-- Loginsuccessfuly -->
        <test-method status="PASS" signature="Teardown()[pri:0, instance:com.eagle.qa.testcases.Login_page@e45f292]" name="Teardown" is-config="true" duration-ms="618" started-at="2019-09-12T16:37:17Z" finished-at="2019-09-12T16:37:18Z">
          <reporter-output>
          </reporter-output>
        </test-method> <!-- Teardown -->
      </class> <!-- com.eagle.qa.testcases.Login_page -->
      <class name="com.eagle.qa.testcases.Profile_page_testcase">
        <test-method status="PASS" signature="setup()[pri:0, instance:com.eagle.qa.testcases.Profile_page_testcase@2f686d1f]" name="setup" is-config="true" duration-ms="5579" started-at="2019-09-12T16:30:05Z" finished-at="2019-09-12T16:30:10Z">
          <reporter-output>
          </reporter-output>
        </test-method> <!-- setup -->
        <test-method status="PASS" signature="UpdateandediteProfile(java.lang.String, java.lang.String, java.lang.String, java.lang.String, java.lang.String, java.lang.String, java.lang.String, java.lang.String)[pri:0, instance:com.eagle.qa.testcases.Profile_page_testcase@2f686d1f]" name="UpdateandediteProfile" duration-ms="46263" started-at="2019-09-12T16:30:10Z" data-provider="gettestdataEagle" finished-at="2019-09-12T16:30:57Z">
          <params>
            <param index="0">
              <value>
                <![CDATA[Raj]]>
              </value>
            </param>
            <param index="1">
              <value>
                <![CDATA[Gunjali]]>
              </value>
            </param>
            <param index="2">
              <value>
                <![CDATA[9.902938769E9]]>
              </value>
            </param>
            <param index="3">
              <value>
                <![CDATA[ITPL]]>
              </value>
            </param>
            <param index="4">
              <value>
                <![CDATA[Manglore]]>
              </value>
            </param>
            <param index="5">
              <value>
                <![CDATA[Ka]]>
              </value>
            </param>
            <param index="6">
              <value>
                <![CDATA[India]]>
              </value>
            </param>
            <param index="7">
              <value>
                <![CDATA[560033.0]]>
              </value>
            </param>
          </params>
          <reporter-output>
          </reporter-output>
        </test-method> <!-- UpdateandediteProfile -->
        <test-method status="PASS" signature="Teardown()[pri:0, instance:com.eagle.qa.testcases.Profile_page_testcase@2f686d1f]" name="Teardown" is-config="true" duration-ms="615" started-at="2019-09-12T16:30:57Z" finished-at="2019-09-12T16:30:57Z">
          <reporter-output>
          </reporter-output>
        </test-method> <!-- Teardown -->
        <test-method status="PASS" signature="setup()[pri:0, instance:com.eagle.qa.testcases.Profile_page_testcase@2f686d1f]" name="setup" is-config="true" duration-ms="5914" started-at="2019-09-12T16:30:57Z" finished-at="2019-09-12T16:31:03Z">
          <reporter-output>
          </reporter-output>
        </test-method> <!-- setup -->
        <test-method status="PASS" signature="UpdateandediteProfile(java.lang.String, java.lang.String, java.lang.String, java.lang.String, java.lang.String, java.lang.String, java.lang.String, java.lang.String)[pri:0, instance:com.eagle.qa.testcases.Profile_page_testcase@2f686d1f]" name="UpdateandediteProfile" duration-ms="46296" started-at="2019-09-12T16:31:03Z" data-provider="gettestdataEagle" finished-at="2019-09-12T16:31:49Z">
          <params>
            <param index="0">
              <value>
                <![CDATA[Devaraj Gunjali]]>
              </value>
            </param>
            <param index="1">
              <value>
                <![CDATA[Raj]]>
              </value>
            </param>
            <param index="2">
              <value>
                <![CDATA[6.360232441E9]]>
              </value>
            </param>
            <param index="3">
              <value>
                <![CDATA[itpl]]>
              </value>
            </param>
            <param index="4">
              <value>
                <![CDATA[Bangloere]]>
              </value>
            </param>
            <param index="5">
              <value>
                <![CDATA[KA]]>
              </value>
            </param>
            <param index="6">
              <value>
                <![CDATA[India]]>
              </value>
            </param>
            <param index="7">
              <value>
                <![CDATA[560333.0]]>
              </value>
            </param>
          </params>
          <reporter-output>
          </reporter-output>
        </test-method> <!-- UpdateandediteProfile -->
        <test-method status="PASS" signature="Teardown()[pri:0, instance:com.eagle.qa.testcases.Profile_page_testcase@2f686d1f]" name="Teardown" is-config="true" duration-ms="615" started-at="2019-09-12T16:31:49Z" finished-at="2019-09-12T16:31:50Z">
          <reporter-output>
          </reporter-output>
        </test-method> <!-- Teardown -->
      </class> <!-- com.eagle.qa.testcases.Profile_page_testcase -->
      <class name="com.eagle.qa.testcases.Conference_both">
        <test-method status="PASS" signature="setup()[pri:0, instance:com.eagle.qa.testcases.Conference_both@3fee9989]" name="setup" is-config="true" duration-ms="6170" started-at="2019-09-12T16:31:50Z" finished-at="2019-09-12T16:31:56Z">
          <reporter-output>
          </reporter-output>
        </test-method> <!-- setup -->
        <test-method status="PASS" signature="WebConference__invitation_both(java.lang.String, java.lang.String, java.lang.String)[pri:0, instance:com.eagle.qa.testcases.Conference_both@3fee9989]" name="WebConference__invitation_both" duration-ms="2189" started-at="2019-09-12T16:31:56Z" data-provider="getdata" finished-at="2019-09-12T16:31:58Z">
          <params>
            <param index="0">
              <value>
                <![CDATA[dev@eagleconferencing.in]]>
              </value>
            </param>
            <param index="1">
              <value>
                <![CDATA[Test]]>
              </value>
            </param>
            <param index="2">
              <value>
                <![CDATA[Test]]>
              </value>
            </param>
          </params>
          <reporter-output>
          </reporter-output>
        </test-method> <!-- WebConference__invitation_both -->
        <test-method status="PASS" signature="Teardown()[pri:0, instance:com.eagle.qa.testcases.Conference_both@3fee9989]" name="Teardown" is-config="true" duration-ms="625" started-at="2019-09-12T16:31:58Z" finished-at="2019-09-12T16:31:59Z">
          <reporter-output>
          </reporter-output>
        </test-method> <!-- Teardown -->
      </class> <!-- com.eagle.qa.testcases.Conference_both -->
      <class name="com.eagle.qa.testcases.Change_Passwordtest">
        <test-method status="PASS" signature="setup()[pri:0, instance:com.eagle.qa.testcases.Change_Passwordtest@73ad2d6]" name="setup" is-config="true" duration-ms="6047" started-at="2019-09-12T16:31:59Z" finished-at="2019-09-12T16:32:05Z">
          <reporter-output>
          </reporter-output>
        </test-method> <!-- setup -->
        <test-method status="PASS" signature="Changepassword_successfuily(java.lang.String, java.lang.String, java.lang.String)[pri:0, instance:com.eagle.qa.testcases.Change_Passwordtest@73ad2d6]" name="Changepassword_successfuily" duration-ms="3535" started-at="2019-09-12T16:32:05Z" data-provider="getDatafromecel" finished-at="2019-09-12T16:32:09Z">
          <params>
            <param index="0">
              <value>
                <![CDATA[Testing1]]>
              </value>
            </param>
            <param index="1">
              <value>
                <![CDATA[Testing1]]>
              </value>
            </param>
            <param index="2">
              <value>
                <![CDATA[Testing1]]>
              </value>
            </param>
          </params>
          <reporter-output>
          </reporter-output>
        </test-method> <!-- Changepassword_successfuily -->
        <test-method status="PASS" signature="Teardown()[pri:0, instance:com.eagle.qa.testcases.Change_Passwordtest@73ad2d6]" name="Teardown" is-config="true" duration-ms="616" started-at="2019-09-12T16:32:09Z" finished-at="2019-09-12T16:32:09Z">
          <reporter-output>
          </reporter-output>
        </test-method> <!-- Teardown -->
      </class> <!-- com.eagle.qa.testcases.Change_Passwordtest -->
      <class name="com.eagle.qa.testcases.Deletegroup_one_by_one">
        <test-method status="PASS" signature="setup()[pri:0, instance:com.eagle.qa.testcases.Deletegroup_one_by_one@59ec2012]" name="setup" is-config="true" duration-ms="6280" started-at="2019-09-12T16:27:55Z" finished-at="2019-09-12T16:28:01Z">
          <reporter-output>
          </reporter-output>
        </test-method> <!-- setup -->
        <test-method status="PASS" signature="Groupdelete2_successfuly()[pri:0, instance:com.eagle.qa.testcases.Deletegroup_one_by_one@59ec2012]" name="Groupdelete2_successfuly" duration-ms="20923" started-at="2019-09-12T16:28:01Z" finished-at="2019-09-12T16:28:22Z">
          <reporter-output>
          </reporter-output>
        </test-method> <!-- Groupdelete2_successfuly -->
        <test-method status="PASS" signature="teardown()[pri:0, instance:com.eagle.qa.testcases.Deletegroup_one_by_one@59ec2012]" name="teardown" is-config="true" duration-ms="630" started-at="2019-09-12T16:28:22Z" finished-at="2019-09-12T16:28:23Z">
          <reporter-output>
          </reporter-output>
        </test-method> <!-- teardown -->
        <test-method status="PASS" signature="setup()[pri:0, instance:com.eagle.qa.testcases.Deletegroup_one_by_one@59ec2012]" name="setup" is-config="true" duration-ms="5746" started-at="2019-09-12T16:28:23Z" finished-at="2019-09-12T16:28:29Z">
          <reporter-output>
          </reporter-output>
        </test-method> <!-- setup -->
        <test-method status="PASS" signature="Groupdelete3_successfuly()[pri:0, instance:com.eagle.qa.testcases.Deletegroup_one_by_one@59ec2012]" name="Groupdelete3_successfuly" duration-ms="20904" started-at="2019-09-12T16:28:29Z" finished-at="2019-09-12T16:28:50Z">
          <reporter-output>
          </reporter-output>
        </test-method> <!-- Groupdelete3_successfuly -->
        <test-method status="PASS" signature="teardown()[pri:0, instance:com.eagle.qa.testcases.Deletegroup_one_by_one@59ec2012]" name="teardown" is-config="true" duration-ms="615" started-at="2019-09-12T16:28:50Z" finished-at="2019-09-12T16:28:50Z">
          <reporter-output>
          </reporter-output>
        </test-method> <!-- teardown -->
        <test-method status="PASS" signature="setup()[pri:0, instance:com.eagle.qa.testcases.Deletegroup_one_by_one@59ec2012]" name="setup" is-config="true" duration-ms="5953" started-at="2019-09-12T16:28:50Z" finished-at="2019-09-12T16:28:56Z">
          <reporter-output>
          </reporter-output>
        </test-method> <!-- setup -->
        <test-method status="PASS" signature="Groupdelete4_successfuly()[pri:0, instance:com.eagle.qa.testcases.Deletegroup_one_by_one@59ec2012]" name="Groupdelete4_successfuly" duration-ms="20883" started-at="2019-09-12T16:28:56Z" finished-at="2019-09-12T16:29:17Z">
          <reporter-output>
          </reporter-output>
        </test-method> <!-- Groupdelete4_successfuly -->
        <test-method status="PASS" signature="teardown()[pri:0, instance:com.eagle.qa.testcases.Deletegroup_one_by_one@59ec2012]" name="teardown" is-config="true" duration-ms="615" started-at="2019-09-12T16:29:17Z" finished-at="2019-09-12T16:29:18Z">
          <reporter-output>
          </reporter-output>
        </test-method> <!-- teardown -->
        <test-method status="PASS" signature="setup()[pri:0, instance:com.eagle.qa.testcases.Deletegroup_one_by_one@59ec2012]" name="setup" is-config="true" duration-ms="6184" started-at="2019-09-12T16:29:18Z" finished-at="2019-09-12T16:29:24Z">
          <reporter-output>
          </reporter-output>
        </test-method> <!-- setup -->
        <test-method status="PASS" signature="Groupdelete_successfuly()[pri:0, instance:com.eagle.qa.testcases.Deletegroup_one_by_one@59ec2012]" name="Groupdelete_successfuly" duration-ms="22368" started-at="2019-09-12T16:29:24Z" finished-at="2019-09-12T16:29:46Z">
          <reporter-output>
          </reporter-output>
        </test-method> <!-- Groupdelete_successfuly -->
        <test-method status="PASS" signature="teardown()[pri:0, instance:com.eagle.qa.testcases.Deletegroup_one_by_one@59ec2012]" name="teardown" is-config="true" duration-ms="617" started-at="2019-09-12T16:29:46Z" finished-at="2019-09-12T16:29:47Z">
          <reporter-output>
          </reporter-output>
        </test-method> <!-- teardown -->
      </class> <!-- com.eagle.qa.testcases.Deletegroup_one_by_one -->
      <class name="com.eagle.qa.testcases.Home_Information">
        <test-method status="PASS" signature="setup()[pri:0, instance:com.eagle.qa.testcases.Home_Information@6fd02e5]" name="setup" is-config="true" duration-ms="6164" started-at="2019-09-12T16:36:04Z" finished-at="2019-09-12T16:36:10Z">
          <reporter-output>
          </reporter-output>
        </test-method> <!-- setup -->
        <test-method status="PASS" signature="Account_Info()[pri:0, instance:com.eagle.qa.testcases.Home_Information@6fd02e5]" name="Account_Info" duration-ms="5063" started-at="2019-09-12T16:36:10Z" finished-at="2019-09-12T16:36:15Z">
          <reporter-output>
          </reporter-output>
        </test-method> <!-- Account_Info -->
        <test-method status="PASS" signature="Teardown()[pri:0, instance:com.eagle.qa.testcases.Home_Information@6fd02e5]" name="Teardown" is-config="true" duration-ms="626" started-at="2019-09-12T16:36:15Z" finished-at="2019-09-12T16:36:16Z">
          <reporter-output>
          </reporter-output>
        </test-method> <!-- Teardown -->
        <test-method status="PASS" signature="setup()[pri:0, instance:com.eagle.qa.testcases.Home_Information@6fd02e5]" name="setup" is-config="true" duration-ms="6621" started-at="2019-09-12T16:36:16Z" finished-at="2019-09-12T16:36:23Z">
          <reporter-output>
          </reporter-output>
        </test-method> <!-- setup -->
        <test-method status="PASS" signature="Account_Number()[pri:0, instance:com.eagle.qa.testcases.Home_Information@6fd02e5]" name="Account_Number" duration-ms="5069" started-at="2019-09-12T16:36:23Z" finished-at="2019-09-12T16:36:28Z">
          <reporter-output>
          </reporter-output>
        </test-method> <!-- Account_Number -->
        <test-method status="PASS" signature="Teardown()[pri:0, instance:com.eagle.qa.testcases.Home_Information@6fd02e5]" name="Teardown" is-config="true" duration-ms="628" started-at="2019-09-12T16:36:28Z" finished-at="2019-09-12T16:36:28Z">
          <reporter-output>
          </reporter-output>
        </test-method> <!-- Teardown -->
        <test-method status="PASS" signature="setup()[pri:0, instance:com.eagle.qa.testcases.Home_Information@6fd02e5]" name="setup" is-config="true" duration-ms="6205" started-at="2019-09-12T16:36:28Z" finished-at="2019-09-12T16:36:34Z">
          <reporter-output>
          </reporter-output>
        </test-method> <!-- setup -->
        <test-method status="PASS" signature="Alternate_Account()[pri:0, instance:com.eagle.qa.testcases.Home_Information@6fd02e5]" name="Alternate_Account" duration-ms="5074" started-at="2019-09-12T16:36:34Z" finished-at="2019-09-12T16:36:40Z">
          <reporter-output>
          </reporter-output>
        </test-method> <!-- Alternate_Account -->
        <test-method status="PASS" signature="Teardown()[pri:0, instance:com.eagle.qa.testcases.Home_Information@6fd02e5]" name="Teardown" is-config="true" duration-ms="617" started-at="2019-09-12T16:36:40Z" finished-at="2019-09-12T16:36:40Z">
          <reporter-output>
          </reporter-output>
        </test-method> <!-- Teardown -->
        <test-method status="PASS" signature="setup()[pri:0, instance:com.eagle.qa.testcases.Home_Information@6fd02e5]" name="setup" is-config="true" duration-ms="6585" started-at="2019-09-12T16:36:40Z" finished-at="2019-09-12T16:36:47Z">
          <reporter-output>
          </reporter-output>
        </test-method> <!-- setup -->
        <test-method status="PASS" signature="Current_Package()[pri:0, instance:com.eagle.qa.testcases.Home_Information@6fd02e5]" name="Current_Package" duration-ms="5079" started-at="2019-09-12T16:36:47Z" finished-at="2019-09-12T16:36:52Z">
          <reporter-output>
          </reporter-output>
        </test-method> <!-- Current_Package -->
        <test-method status="PASS" signature="Teardown()[pri:0, instance:com.eagle.qa.testcases.Home_Information@6fd02e5]" name="Teardown" is-config="true" duration-ms="619" started-at="2019-09-12T16:36:52Z" finished-at="2019-09-12T16:36:52Z">
          <reporter-output>
          </reporter-output>
        </test-method> <!-- Teardown -->
        <test-method status="PASS" signature="setup()[pri:0, instance:com.eagle.qa.testcases.Home_Information@6fd02e5]" name="setup" is-config="true" duration-ms="6695" started-at="2019-09-12T16:36:52Z" finished-at="2019-09-12T16:36:59Z">
          <reporter-output>
          </reporter-output>
        </test-method> <!-- setup -->
        <test-method status="PASS" signature="Next_Billing_Date()[pri:0, instance:com.eagle.qa.testcases.Home_Information@6fd02e5]" name="Next_Billing_Date" duration-ms="5075" started-at="2019-09-12T16:36:59Z" finished-at="2019-09-12T16:37:04Z">
          <reporter-output>
          </reporter-output>
        </test-method> <!-- Next_Billing_Date -->
        <test-method status="PASS" signature="Teardown()[pri:0, instance:com.eagle.qa.testcases.Home_Information@6fd02e5]" name="Teardown" is-config="true" duration-ms="617" started-at="2019-09-12T16:37:04Z" finished-at="2019-09-12T16:37:05Z">
          <reporter-output>
          </reporter-output>
        </test-method> <!-- Teardown -->
      </class> <!-- com.eagle.qa.testcases.Home_Information -->
    </test> <!-- Eagleconferencing Test Cases -->
  </suite> <!-- Eagleconferenciong.in Application Test Automation Test Suite -->
</testng-results>
