<?xml version="1.0" encoding="UTF-8"?>
<testng-results skipped="0" failed="0" ignored="0" total="1" passed="1">
  <reporter-output>
    <line>
      <![CDATA[ Setting at the report and Test is geeting ready]]>
    </line>
    <line>
      <![CDATA[ Setting done test can be start]]>
    </line>
    <line>
      <![CDATA[ Trying to start browser and application ready]]>
    </line>
    <line>
      <![CDATA[ Browser and application running up]]>
    </line>
    <line>
      <![CDATA[ Test is about end]]>
    </line>
    <line>
      <![CDATA[ Test Completed>>> Report generted]]>
    </line>
  </reporter-output>
  <suite name="Suite" duration-ms="12239" started-at="2019-08-29T08:14:53Z" finished-at="2019-08-29T08:15:05Z">
    <groups>
    </groups>
    <test name="Test" duration-ms="12239" started-at="2019-08-29T08:14:53Z" finished-at="2019-08-29T08:15:05Z">
      <class name="com.eagle.testcases.LoginEMB">
        <test-method status="PASS" signature="setUpSuite()[pri:0, instance:com.eagle.testcases.LoginEMB@1b604f19]" name="setUpSuite" is-config="true" duration-ms="486" started-at="2019-08-29T13:44:52Z" finished-at="2019-08-29T13:44:53Z">
          <reporter-output>
            <line>
              <![CDATA[ Setting at the report and Test is geeting ready]]>
            </line>
            <line>
              <![CDATA[ Setting done test can be start]]>
            </line>
          </reporter-output>
        </test-method> <!-- setUpSuite -->
        <test-method status="PASS" signature="setp()[pri:0, instance:com.eagle.testcases.LoginEMB@1b604f19]" name="setp" is-config="true" duration-ms="5838" started-at="2019-08-29T13:44:53Z" finished-at="2019-08-29T13:44:59Z">
          <reporter-output>
            <line>
              <![CDATA[ Trying to start browser and application ready]]>
            </line>
            <line>
              <![CDATA[ Browser and application running up]]>
            </line>
          </reporter-output>
        </test-method> <!-- setp -->
        <test-method status="PASS" signature="Loginstartapplication()[pri:0, instance:com.eagle.testcases.LoginEMB@1b604f19]" name="Loginstartapplication" duration-ms="4913" started-at="2019-08-29T13:44:59Z" finished-at="2019-08-29T13:45:04Z">
          <reporter-output>
          </reporter-output>
        </test-method> <!-- Loginstartapplication -->
        <test-method status="PASS" signature="teardownm(org.testng.ITestResult)[pri:0, instance:com.eagle.testcases.LoginEMB@1b604f19]" name="teardownm" is-config="true" duration-ms="854" started-at="2019-08-29T13:45:04Z" finished-at="2019-08-29T13:45:04Z">
          <params>
            <param index="0">
              <value>
                <![CDATA[[TestResult name=Loginstartapplication status=SUCCESS method=LoginEMB.Loginstartapplication()[pri:0, instance:com.eagle.testcases.LoginEMB@1b604f19] output={null}]]]>
              </value>
            </param>
          </params>
          <reporter-output>
            <line>
              <![CDATA[ Test is about end]]>
            </line>
            <line>
              <![CDATA[ Test Completed>>> Report generted]]>
            </line>
          </reporter-output>
        </test-method> <!-- teardownm -->
        <test-method status="PASS" signature="teardown()[pri:0, instance:com.eagle.testcases.LoginEMB@1b604f19]" name="teardown" is-config="true" duration-ms="624" started-at="2019-08-29T13:45:04Z" finished-at="2019-08-29T13:45:05Z">
          <reporter-output>
          </reporter-output>
        </test-method> <!-- teardown -->
      </class> <!-- com.eagle.testcases.LoginEMB -->
    </test> <!-- Test -->
  </suite> <!-- Suite -->
</testng-results>
